[2026-02-11T08:16:07.286+0000] {taskinstance.py:1956} INFO - Dependencies all met for dep_context=non-requeueable deps ti=<TaskInstance: olist_end_to_end_pipeline.4_transform_gold manual__2026-02-10T17:51:09.311666+00:00 [queued]>
[2026-02-11T08:16:07.289+0000] {taskinstance.py:1956} INFO - Dependencies all met for dep_context=requeueable deps ti=<TaskInstance: olist_end_to_end_pipeline.4_transform_gold manual__2026-02-10T17:51:09.311666+00:00 [queued]>
[2026-02-11T08:16:07.289+0000] {taskinstance.py:2170} INFO - Starting attempt 1 of 1
[2026-02-11T08:16:07.297+0000] {taskinstance.py:2191} INFO - Executing <Task(DatabricksRunNowOperator): 4_transform_gold> on 2026-02-10 17:51:09.311666+00:00
[2026-02-11T08:16:07.300+0000] {standard_task_runner.py:60} INFO - Started process 574 to run task
[2026-02-11T08:16:07.302+0000] {standard_task_runner.py:87} INFO - Running: ['airflow', 'tasks', 'run', 'olist_end_to_end_pipeline', '4_transform_gold', 'manual__2026-02-10T17:51:09.311666+00:00', '--job-id', '19', '--raw', '--subdir', 'DAGS_FOLDER/olist_pipeline.py', '--cfg-path', '/tmp/tmpkpy72rpz']
[2026-02-11T08:16:07.303+0000] {standard_task_runner.py:88} INFO - Job 19: Subtask 4_transform_gold
[2026-02-11T08:16:07.325+0000] {task_command.py:423} INFO - Running <TaskInstance: olist_end_to_end_pipeline.4_transform_gold manual__2026-02-10T17:51:09.311666+00:00 [running]> on host ad800f624f1b
[2026-02-11T08:16:07.356+0000] {taskinstance.py:2480} INFO - Exporting env vars: AIRFLOW_CTX_DAG_OWNER='serhat' AIRFLOW_CTX_DAG_ID='olist_end_to_end_pipeline' AIRFLOW_CTX_TASK_ID='4_transform_gold' AIRFLOW_CTX_EXECUTION_DATE='2026-02-10T17:51:09.311666+00:00' AIRFLOW_CTX_TRY_NUMBER='1' AIRFLOW_CTX_DAG_RUN_ID='manual__2026-02-10T17:51:09.311666+00:00'
[2026-02-11T08:16:07.359+0000] {base.py:83} INFO - Using connection ID 'databricks_default' for task execution.
[2026-02-11T08:16:08.288+0000] {databricks.py:66} INFO - Run submitted with run_id: 34410285693084
[2026-02-11T08:16:09.809+0000] {databricks.py:128} INFO - 4_transform_gold in run state: {'life_cycle_state': 'RUNNING', 'result_state': '', 'state_message': ''}
[2026-02-11T08:16:09.811+0000] {databricks.py:129} INFO - View run status, Spark UI, and logs at https://dbc-020ab467-e77c.cloud.databricks.com/?o=7474655064357178#job/776776186787950/run/34410285693084
[2026-02-11T08:16:09.812+0000] {databricks.py:130} INFO - Sleeping for 30 seconds.
[2026-02-11T08:16:40.647+0000] {databricks.py:128} INFO - 4_transform_gold in run state: {'life_cycle_state': 'RUNNING', 'result_state': '', 'state_message': ''}
[2026-02-11T08:16:40.651+0000] {databricks.py:129} INFO - View run status, Spark UI, and logs at https://dbc-020ab467-e77c.cloud.databricks.com/?o=7474655064357178#job/776776186787950/run/34410285693084
[2026-02-11T08:16:40.651+0000] {databricks.py:130} INFO - Sleeping for 30 seconds.
[2026-02-11T08:17:11.480+0000] {databricks.py:77} INFO - 4_transform_gold completed successfully.
[2026-02-11T08:17:11.486+0000] {databricks.py:78} INFO - View run status, Spark UI, and logs at https://dbc-020ab467-e77c.cloud.databricks.com/?o=7474655064357178#job/776776186787950/run/34410285693084
[2026-02-11T08:17:11.507+0000] {taskinstance.py:1138} INFO - Marking task as SUCCESS. dag_id=olist_end_to_end_pipeline, task_id=4_transform_gold, execution_date=20260210T175109, start_date=20260211T081607, end_date=20260211T081711
[2026-02-11T08:17:11.591+0000] {local_task_job_runner.py:234} INFO - Task exited with return code 0
[2026-02-11T08:17:11.604+0000] {taskinstance.py:3280} INFO - 0 downstream tasks scheduled from follow-on schedule check
