[2026-02-10T17:10:33.771+0000] {taskinstance.py:1956} INFO - Dependencies all met for dep_context=non-requeueable deps ti=<TaskInstance: olist_end_to_end_pipeline.1_ingest_bronze manual__2026-02-10T17:03:35.597867+00:00 [queued]>
[2026-02-10T17:10:33.774+0000] {taskinstance.py:1956} INFO - Dependencies all met for dep_context=requeueable deps ti=<TaskInstance: olist_end_to_end_pipeline.1_ingest_bronze manual__2026-02-10T17:03:35.597867+00:00 [queued]>
[2026-02-10T17:10:33.774+0000] {taskinstance.py:2170} INFO - Starting attempt 3 of 3
[2026-02-10T17:10:33.781+0000] {taskinstance.py:2191} INFO - Executing <Task(DatabricksSubmitRunOperator): 1_ingest_bronze> on 2026-02-10 17:03:35.597867+00:00
[2026-02-10T17:10:33.784+0000] {standard_task_runner.py:60} INFO - Started process 170 to run task
[2026-02-10T17:10:33.787+0000] {standard_task_runner.py:87} INFO - Running: ['airflow', 'tasks', 'run', 'olist_end_to_end_pipeline', '1_ingest_bronze', 'manual__2026-02-10T17:03:35.597867+00:00', '--job-id', '11', '--raw', '--subdir', 'DAGS_FOLDER/olist_pipeline.py', '--cfg-path', '/tmp/tmp37u_5fa1']
[2026-02-10T17:10:33.789+0000] {standard_task_runner.py:88} INFO - Job 11: Subtask 1_ingest_bronze
[2026-02-10T17:10:33.817+0000] {task_command.py:423} INFO - Running <TaskInstance: olist_end_to_end_pipeline.1_ingest_bronze manual__2026-02-10T17:03:35.597867+00:00 [running]> on host ad800f624f1b
[2026-02-10T17:10:33.850+0000] {taskinstance.py:2480} INFO - Exporting env vars: AIRFLOW_CTX_DAG_OWNER='serhat' AIRFLOW_CTX_DAG_ID='olist_end_to_end_pipeline' AIRFLOW_CTX_TASK_ID='1_ingest_bronze' AIRFLOW_CTX_EXECUTION_DATE='2026-02-10T17:03:35.597867+00:00' AIRFLOW_CTX_TRY_NUMBER='3' AIRFLOW_CTX_DAG_RUN_ID='manual__2026-02-10T17:03:35.597867+00:00'
[2026-02-10T17:10:33.853+0000] {base.py:83} INFO - Using connection ID 'databricks_default' for task execution.
[2026-02-10T17:10:34.673+0000] {taskinstance.py:2698} ERROR - Task failed with exception
Traceback (most recent call last):
  File "/home/airflow/.local/lib/python3.8/site-packages/airflow/providers/databricks/hooks/databricks_base.py", line 562, in _do_api_call
    for attempt in self._get_retry_object():
  File "/home/airflow/.local/lib/python3.8/site-packages/tenacity/__init__.py", line 347, in __iter__
    do = self.iter(retry_state=retry_state)
  File "/home/airflow/.local/lib/python3.8/site-packages/tenacity/__init__.py", line 314, in iter
    return fut.result()
  File "/usr/local/lib/python3.8/concurrent/futures/_base.py", line 437, in result
    return self.__get_result()
  File "/usr/local/lib/python3.8/concurrent/futures/_base.py", line 389, in __get_result
    raise self._exception
  File "/home/airflow/.local/lib/python3.8/site-packages/airflow/providers/databricks/hooks/databricks_base.py", line 572, in _do_api_call
    response.raise_for_status()
  File "/home/airflow/.local/lib/python3.8/site-packages/requests/models.py", line 1021, in raise_for_status
    raise HTTPError(http_error_msg, response=self)
requests.exceptions.HTTPError: 400 Client Error: Bad Request for url: https://dbc-020ab467-e77c.cloud.databricks.com/api/2.1/jobs/runs/submit

During handling of the above exception, another exception occurred:

Traceback (most recent call last):
  File "/home/airflow/.local/lib/python3.8/site-packages/airflow/models/taskinstance.py", line 433, in _execute_task
    result = execute_callable(context=context, **execute_callable_kwargs)
  File "/home/airflow/.local/lib/python3.8/site-packages/airflow/providers/databricks/operators/databricks.py", line 624, in execute
    self.run_id = self._hook.submit_run(json_normalised)
  File "/home/airflow/.local/lib/python3.8/site-packages/airflow/providers/databricks/hooks/databricks.py", line 263, in submit_run
    response = self._do_api_call(SUBMIT_RUN_ENDPOINT, json)
  File "/home/airflow/.local/lib/python3.8/site-packages/airflow/providers/databricks/hooks/databricks_base.py", line 579, in _do_api_call
    raise AirflowException(msg)
airflow.exceptions.AirflowException: Response: {"error_code":"INVALID_PARAMETER_VALUE","message":"Only serverless compute is supported in the workspace.","details":[{"@type":"type.googleapis.com/google.rpc.RequestInfo","request_id":"31a41355-240b-4373-b6e6-70410fe1e499","serving_data":""}]}, Status Code: 400
[2026-02-10T17:10:34.678+0000] {taskinstance.py:1138} INFO - Marking task as FAILED. dag_id=olist_end_to_end_pipeline, task_id=1_ingest_bronze, execution_date=20260210T170335, start_date=20260210T171033, end_date=20260210T171034
[2026-02-10T17:10:34.691+0000] {standard_task_runner.py:107} ERROR - Failed to execute job 11 for task 1_ingest_bronze (Response: {"error_code":"INVALID_PARAMETER_VALUE","message":"Only serverless compute is supported in the workspace.","details":[{"@type":"type.googleapis.com/google.rpc.RequestInfo","request_id":"31a41355-240b-4373-b6e6-70410fe1e499","serving_data":""}]}, Status Code: 400; 170)
[2026-02-10T17:10:34.713+0000] {local_task_job_runner.py:234} INFO - Task exited with return code 1
[2026-02-10T17:10:34.732+0000] {taskinstance.py:3280} INFO - 0 downstream tasks scheduled from follow-on schedule check
