[2026-02-10T17:23:38.286+0000] {taskinstance.py:1956} INFO - Dependencies all met for dep_context=non-requeueable deps ti=<TaskInstance: olist_end_to_end_pipeline.1_ingest_bronze manual__2026-02-10T17:23:35.629943+00:00 [queued]>
[2026-02-10T17:23:38.289+0000] {taskinstance.py:1956} INFO - Dependencies all met for dep_context=requeueable deps ti=<TaskInstance: olist_end_to_end_pipeline.1_ingest_bronze manual__2026-02-10T17:23:35.629943+00:00 [queued]>
[2026-02-10T17:23:38.289+0000] {taskinstance.py:2170} INFO - Starting attempt 1 of 1
[2026-02-10T17:23:38.295+0000] {taskinstance.py:2191} INFO - Executing <Task(DatabricksRunNowOperator): 1_ingest_bronze> on 2026-02-10 17:23:35.629943+00:00
[2026-02-10T17:23:38.298+0000] {standard_task_runner.py:60} INFO - Started process 207 to run task
[2026-02-10T17:23:38.301+0000] {standard_task_runner.py:87} INFO - Running: ['airflow', 'tasks', 'run', 'olist_end_to_end_pipeline', '1_ingest_bronze', 'manual__2026-02-10T17:23:35.629943+00:00', '--job-id', '12', '--raw', '--subdir', 'DAGS_FOLDER/olist_pipeline.py', '--cfg-path', '/tmp/tmpxqueylbn']
[2026-02-10T17:23:38.302+0000] {standard_task_runner.py:88} INFO - Job 12: Subtask 1_ingest_bronze
[2026-02-10T17:23:38.325+0000] {task_command.py:423} INFO - Running <TaskInstance: olist_end_to_end_pipeline.1_ingest_bronze manual__2026-02-10T17:23:35.629943+00:00 [running]> on host ad800f624f1b
[2026-02-10T17:23:38.355+0000] {taskinstance.py:2480} INFO - Exporting env vars: AIRFLOW_CTX_DAG_OWNER='serhat' AIRFLOW_CTX_DAG_ID='olist_end_to_end_pipeline' AIRFLOW_CTX_TASK_ID='1_ingest_bronze' AIRFLOW_CTX_EXECUTION_DATE='2026-02-10T17:23:35.629943+00:00' AIRFLOW_CTX_TRY_NUMBER='1' AIRFLOW_CTX_DAG_RUN_ID='manual__2026-02-10T17:23:35.629943+00:00'
[2026-02-10T17:23:38.358+0000] {base.py:83} INFO - Using connection ID 'databricks_default' for task execution.
[2026-02-10T17:23:39.581+0000] {databricks.py:66} INFO - Run submitted with run_id: 1080282903076935
[2026-02-10T17:23:41.228+0000] {databricks.py:128} INFO - 1_ingest_bronze in run state: {'life_cycle_state': 'RUNNING', 'result_state': '', 'state_message': ''}
[2026-02-10T17:23:41.230+0000] {databricks.py:129} INFO - View run status, Spark UI, and logs at https://dbc-020ab467-e77c.cloud.databricks.com/?o=7474655064357178#job/404053805771974/run/1080282903076935
[2026-02-10T17:23:41.230+0000] {databricks.py:130} INFO - Sleeping for 30 seconds.
[2026-02-10T17:24:13.765+0000] {databricks.py:128} INFO - 1_ingest_bronze in run state: {'life_cycle_state': 'RUNNING', 'result_state': '', 'state_message': ''}
[2026-02-10T17:24:13.770+0000] {databricks.py:129} INFO - View run status, Spark UI, and logs at https://dbc-020ab467-e77c.cloud.databricks.com/?o=7474655064357178#job/404053805771974/run/1080282903076935
[2026-02-10T17:24:13.770+0000] {databricks.py:130} INFO - Sleeping for 30 seconds.
[2026-02-10T17:24:45.864+0000] {databricks.py:128} INFO - 1_ingest_bronze in run state: {'life_cycle_state': 'RUNNING', 'result_state': '', 'state_message': ''}
[2026-02-10T17:24:45.867+0000] {databricks.py:129} INFO - View run status, Spark UI, and logs at https://dbc-020ab467-e77c.cloud.databricks.com/?o=7474655064357178#job/404053805771974/run/1080282903076935
[2026-02-10T17:24:45.868+0000] {databricks.py:130} INFO - Sleeping for 30 seconds.
[2026-02-10T17:25:16.793+0000] {databricks.py:77} INFO - 1_ingest_bronze completed successfully.
[2026-02-10T17:25:16.801+0000] {databricks.py:78} INFO - View run status, Spark UI, and logs at https://dbc-020ab467-e77c.cloud.databricks.com/?o=7474655064357178#job/404053805771974/run/1080282903076935
[2026-02-10T17:25:16.838+0000] {taskinstance.py:1138} INFO - Marking task as SUCCESS. dag_id=olist_end_to_end_pipeline, task_id=1_ingest_bronze, execution_date=20260210T172335, start_date=20260210T172338, end_date=20260210T172516
[2026-02-10T17:25:16.914+0000] {local_task_job_runner.py:234} INFO - Task exited with return code 0
[2026-02-10T17:25:16.938+0000] {taskinstance.py:3280} INFO - 1 downstream tasks scheduled from follow-on schedule check
