[2026-02-11T08:14:29.726+0000] {taskinstance.py:1956} INFO - Dependencies all met for dep_context=non-requeueable deps ti=<TaskInstance: olist_end_to_end_pipeline.3_transform_silver manual__2026-02-10T17:51:09.311666+00:00 [queued]>
[2026-02-11T08:14:29.729+0000] {taskinstance.py:1956} INFO - Dependencies all met for dep_context=requeueable deps ti=<TaskInstance: olist_end_to_end_pipeline.3_transform_silver manual__2026-02-10T17:51:09.311666+00:00 [queued]>
[2026-02-11T08:14:29.729+0000] {taskinstance.py:2170} INFO - Starting attempt 2 of 2
[2026-02-11T08:14:29.737+0000] {taskinstance.py:2191} INFO - Executing <Task(DatabricksRunNowOperator): 3_transform_silver> on 2026-02-10 17:51:09.311666+00:00
[2026-02-11T08:14:29.739+0000] {standard_task_runner.py:60} INFO - Started process 562 to run task
[2026-02-11T08:14:29.742+0000] {standard_task_runner.py:87} INFO - Running: ['airflow', 'tasks', 'run', 'olist_end_to_end_pipeline', '3_transform_silver', 'manual__2026-02-10T17:51:09.311666+00:00', '--job-id', '18', '--raw', '--subdir', 'DAGS_FOLDER/olist_pipeline.py', '--cfg-path', '/tmp/tmpp1c6oalb']
[2026-02-11T08:14:29.743+0000] {standard_task_runner.py:88} INFO - Job 18: Subtask 3_transform_silver
[2026-02-11T08:14:29.768+0000] {task_command.py:423} INFO - Running <TaskInstance: olist_end_to_end_pipeline.3_transform_silver manual__2026-02-10T17:51:09.311666+00:00 [running]> on host ad800f624f1b
[2026-02-11T08:14:29.803+0000] {taskinstance.py:2480} INFO - Exporting env vars: AIRFLOW_CTX_DAG_OWNER='serhat' AIRFLOW_CTX_DAG_ID='olist_end_to_end_pipeline' AIRFLOW_CTX_TASK_ID='3_transform_silver' AIRFLOW_CTX_EXECUTION_DATE='2026-02-10T17:51:09.311666+00:00' AIRFLOW_CTX_TRY_NUMBER='2' AIRFLOW_CTX_DAG_RUN_ID='manual__2026-02-10T17:51:09.311666+00:00'
[2026-02-11T08:14:29.806+0000] {base.py:83} INFO - Using connection ID 'databricks_default' for task execution.
[2026-02-11T08:14:31.003+0000] {databricks.py:66} INFO - Run submitted with run_id: 533337942570289
[2026-02-11T08:14:32.485+0000] {databricks.py:128} INFO - 3_transform_silver in run state: {'life_cycle_state': 'RUNNING', 'result_state': '', 'state_message': ''}
[2026-02-11T08:14:32.487+0000] {databricks.py:129} INFO - View run status, Spark UI, and logs at https://dbc-020ab467-e77c.cloud.databricks.com/?o=7474655064357178#job/25465186672948/run/533337942570289
[2026-02-11T08:14:32.488+0000] {databricks.py:130} INFO - Sleeping for 30 seconds.
[2026-02-11T08:15:03.319+0000] {databricks.py:128} INFO - 3_transform_silver in run state: {'life_cycle_state': 'RUNNING', 'result_state': '', 'state_message': ''}
[2026-02-11T08:15:03.323+0000] {databricks.py:129} INFO - View run status, Spark UI, and logs at https://dbc-020ab467-e77c.cloud.databricks.com/?o=7474655064357178#job/25465186672948/run/533337942570289
[2026-02-11T08:15:03.324+0000] {databricks.py:130} INFO - Sleeping for 30 seconds.
[2026-02-11T08:15:34.272+0000] {databricks.py:128} INFO - 3_transform_silver in run state: {'life_cycle_state': 'RUNNING', 'result_state': '', 'state_message': ''}
[2026-02-11T08:15:34.279+0000] {databricks.py:129} INFO - View run status, Spark UI, and logs at https://dbc-020ab467-e77c.cloud.databricks.com/?o=7474655064357178#job/25465186672948/run/533337942570289
[2026-02-11T08:15:34.279+0000] {databricks.py:130} INFO - Sleeping for 30 seconds.
[2026-02-11T08:16:05.075+0000] {databricks.py:77} INFO - 3_transform_silver completed successfully.
[2026-02-11T08:16:05.080+0000] {databricks.py:78} INFO - View run status, Spark UI, and logs at https://dbc-020ab467-e77c.cloud.databricks.com/?o=7474655064357178#job/25465186672948/run/533337942570289
[2026-02-11T08:16:05.099+0000] {taskinstance.py:1138} INFO - Marking task as SUCCESS. dag_id=olist_end_to_end_pipeline, task_id=3_transform_silver, execution_date=20260210T175109, start_date=20260211T081429, end_date=20260211T081605
[2026-02-11T08:16:05.176+0000] {local_task_job_runner.py:234} INFO - Task exited with return code 0
[2026-02-11T08:16:05.194+0000] {taskinstance.py:3280} INFO - 1 downstream tasks scheduled from follow-on schedule check
