[2026-02-10T17:51:12.580+0000] {taskinstance.py:1956} INFO - Dependencies all met for dep_context=non-requeueable deps ti=<TaskInstance: olist_end_to_end_pipeline.1_ingest_bronze manual__2026-02-10T17:51:09.311666+00:00 [queued]>
[2026-02-10T17:51:12.583+0000] {taskinstance.py:1956} INFO - Dependencies all met for dep_context=requeueable deps ti=<TaskInstance: olist_end_to_end_pipeline.1_ingest_bronze manual__2026-02-10T17:51:09.311666+00:00 [queued]>
[2026-02-10T17:51:12.583+0000] {taskinstance.py:2170} INFO - Starting attempt 1 of 1
[2026-02-10T17:51:12.593+0000] {taskinstance.py:2191} INFO - Executing <Task(DatabricksRunNowOperator): 1_ingest_bronze> on 2026-02-10 17:51:09.311666+00:00
[2026-02-10T17:51:12.599+0000] {standard_task_runner.py:60} INFO - Started process 289 to run task
[2026-02-10T17:51:12.601+0000] {standard_task_runner.py:87} INFO - Running: ['airflow', 'tasks', 'run', 'olist_end_to_end_pipeline', '1_ingest_bronze', 'manual__2026-02-10T17:51:09.311666+00:00', '--job-id', '15', '--raw', '--subdir', 'DAGS_FOLDER/olist_pipeline.py', '--cfg-path', '/tmp/tmpmnccqg4l']
[2026-02-10T17:51:12.602+0000] {standard_task_runner.py:88} INFO - Job 15: Subtask 1_ingest_bronze
[2026-02-10T17:51:12.643+0000] {task_command.py:423} INFO - Running <TaskInstance: olist_end_to_end_pipeline.1_ingest_bronze manual__2026-02-10T17:51:09.311666+00:00 [running]> on host ad800f624f1b
[2026-02-10T17:51:12.732+0000] {taskinstance.py:2480} INFO - Exporting env vars: AIRFLOW_CTX_DAG_OWNER='serhat' AIRFLOW_CTX_DAG_ID='olist_end_to_end_pipeline' AIRFLOW_CTX_TASK_ID='1_ingest_bronze' AIRFLOW_CTX_EXECUTION_DATE='2026-02-10T17:51:09.311666+00:00' AIRFLOW_CTX_TRY_NUMBER='1' AIRFLOW_CTX_DAG_RUN_ID='manual__2026-02-10T17:51:09.311666+00:00'
[2026-02-10T17:51:12.735+0000] {base.py:83} INFO - Using connection ID 'databricks_default' for task execution.
[2026-02-10T17:51:14.456+0000] {databricks.py:66} INFO - Run submitted with run_id: 40095843256243
[2026-02-10T17:51:16.074+0000] {databricks.py:128} INFO - 1_ingest_bronze in run state: {'life_cycle_state': 'RUNNING', 'result_state': '', 'state_message': ''}
[2026-02-10T17:51:16.077+0000] {databricks.py:129} INFO - View run status, Spark UI, and logs at https://dbc-020ab467-e77c.cloud.databricks.com/?o=7474655064357178#job/404053805771974/run/40095843256243
[2026-02-10T17:51:16.078+0000] {databricks.py:130} INFO - Sleeping for 30 seconds.
[2026-02-10T17:51:46.946+0000] {databricks.py:128} INFO - 1_ingest_bronze in run state: {'life_cycle_state': 'RUNNING', 'result_state': '', 'state_message': ''}
[2026-02-10T17:51:46.953+0000] {databricks.py:129} INFO - View run status, Spark UI, and logs at https://dbc-020ab467-e77c.cloud.databricks.com/?o=7474655064357178#job/404053805771974/run/40095843256243
[2026-02-10T17:51:46.954+0000] {databricks.py:130} INFO - Sleeping for 30 seconds.
[2026-02-10T17:52:18.004+0000] {databricks.py:77} INFO - 1_ingest_bronze completed successfully.
[2026-02-10T17:52:18.011+0000] {databricks.py:78} INFO - View run status, Spark UI, and logs at https://dbc-020ab467-e77c.cloud.databricks.com/?o=7474655064357178#job/404053805771974/run/40095843256243
[2026-02-10T17:52:18.033+0000] {taskinstance.py:1138} INFO - Marking task as SUCCESS. dag_id=olist_end_to_end_pipeline, task_id=1_ingest_bronze, execution_date=20260210T175109, start_date=20260210T175112, end_date=20260210T175218
[2026-02-10T17:52:18.104+0000] {local_task_job_runner.py:234} INFO - Task exited with return code 0
[2026-02-10T17:52:18.130+0000] {taskinstance.py:3280} INFO - 1 downstream tasks scheduled from follow-on schedule check
